This file contains any messages produced by compilers while
running configure, to aid debugging if configure makes a mistake.

It was created by memcached configure 1.1.12, which was
generated by GNU Autoconf 2.59.  Invocation command line was

  $ ./configure --prefix=/usr/local

## --------- ##
## Platform. ##
## --------- ##

hostname = mobileunit1-2.local
uname -m = i386
uname -r = 10.3.0
uname -s = Darwin
uname -v = Darwin Kernel Version 10.3.0: Fri Feb 26 11:58:09 PST 2010; root:xnu-1504.3.12~1/RELEASE_I386

/usr/bin/uname -p = i386
/bin/uname -X     = unknown

/bin/arch              = unknown
/usr/bin/arch -k       = unknown
/usr/convex/getsysinfo = unknown
hostinfo               = Mach kernel version:
	 Darwin Kernel Version 10.3.0: Fri Feb 26 11:58:09 PST 2010; root:xnu-1504.3.12~1/RELEASE_I386
Kernel configured for up to 2 processors.
2 processors are physically available.
2 processors are logically available.
Processor type: i486 (Intel 80486)
Processors active: 0 1
Primary memory available: 6.00 gigabytes
Default processor set: 115 tasks, 569 threads, 2 processors
Load average: 2.31, Mach factor: 0.62
/bin/machine           = unknown
/usr/bin/oslevel       = unknown
/bin/universe          = unknown

PATH: /Library/Frameworks/Python.framework/Versions/2.6/bin
PATH: /opt/local/bin
PATH: /opt/local/sbin
PATH: /Library/Frameworks/Python.framework/Versions/2.6/bin
PATH: /Library/Frameworks/Python.framework/Versions/Current/bin
PATH: /usr/bin
PATH: /bin
PATH: /usr/sbin
PATH: /sbin
PATH: /usr/local/bin
PATH: /usr/local/git/bin
PATH: /usr/X11/bin
PATH: /usr/local/bin
PATH: /opt/local/bin
PATH: /opt/local/sbin
PATH: /usr/local/git/bin
PATH: /Library/Frameworks/Python.framework/Versions/Current/bin
PATH: /usr/bin
PATH: /bin
PATH: /usr/sbin
PATH: /sbin
PATH: /usr/local/bin
PATH: /usr/local/git/bin
PATH: /usr/X11/bin


## ----------- ##
## Core tests. ##
## ----------- ##

configure:1349: checking build system type
configure:1367: result: i686-apple-darwin10.3.0
configure:1375: checking host system type
configure:1389: result: i686-apple-darwin10.3.0
configure:1397: checking target system type
configure:1411: result: i686-apple-darwin10.3.0
configure:1440: checking for a BSD-compatible install
configure:1495: result: /usr/bin/install -c
configure:1506: checking whether build environment is sane
configure:1549: result: yes
configure:1564: checking whether make sets $(MAKE)
configure:1584: result: yes
configure:1616: checking for working aclocal-1.4
configure:1627: result: missing
configure:1631: checking for working autoconf
configure:1638: result: found
configure:1646: checking for working automake-1.4
configure:1657: result: missing
configure:1661: checking for working autoheader
configure:1668: result: found
configure:1676: checking for working makeinfo
configure:1683: result: found
configure:1744: checking for gcc
configure:1760: found /usr/bin/gcc
configure:1770: result: gcc
configure:2014: checking for C compiler version
configure:2017: gcc --version </dev/null >&5
i686-apple-darwin10-gcc-4.2.1 (GCC) 4.2.1 (Apple Inc. build 5659)
Copyright (C) 2007 Free Software Foundation, Inc.
This is free software; see the source for copying conditions.  There is NO
warranty; not even for MERCHANTABILITY or FITNESS FOR A PARTICULAR PURPOSE.

configure:2020: $? = 0
configure:2022: gcc -v </dev/null >&5
Using built-in specs.
Target: i686-apple-darwin10
Configured with: /var/tmp/gcc/gcc-5659~1/src/configure --disable-checking --enable-werror --prefix=/usr --mandir=/share/man --enable-languages=c,objc,c++,obj-c++ --program-transform-name=/^[cg][^.-]*$/s/$/-4.2/ --with-slibdir=/usr/lib --build=i686-apple-darwin10 --program-prefix=i686-apple-darwin10- --host=x86_64-apple-darwin10 --target=i686-apple-darwin10 --with-gxx-include-dir=/include/c++/4.2.1
Thread model: posix
gcc version 4.2.1 (Apple Inc. build 5659)
configure:2025: $? = 0
configure:2027: gcc -V </dev/null >&5
gcc-4.2: argument to `-V' is missing
configure:2030: $? = 1
configure:2053: checking for C compiler default output file name
configure:2056: gcc    conftest.c  >&5
configure:2059: $? = 0
configure:2105: result: a.out
configure:2110: checking whether the C compiler works
configure:2116: ./a.out
configure:2119: $? = 0
configure:2136: result: yes
configure:2143: checking whether we are cross compiling
configure:2145: result: no
configure:2148: checking for suffix of executables
configure:2150: gcc -o conftest    conftest.c  >&5
configure:2153: $? = 0
configure:2178: result: 
configure:2184: checking for suffix of object files
configure:2205: gcc -c   conftest.c >&5
configure:2208: $? = 0
configure:2230: result: o
configure:2234: checking whether we are using the GNU C compiler
configure:2258: gcc -c   conftest.c >&5
configure:2264: $? = 0
configure:2267: test -z 			 || test ! -s conftest.err
configure:2270: $? = 0
configure:2273: test -s conftest.o
configure:2276: $? = 0
configure:2289: result: yes
configure:2295: checking whether gcc accepts -g
configure:2316: gcc -c -g  conftest.c >&5
configure:2322: $? = 0
configure:2325: test -z 			 || test ! -s conftest.err
configure:2328: $? = 0
configure:2331: test -s conftest.o
configure:2334: $? = 0
configure:2345: result: yes
configure:2362: checking for gcc option to accept ANSI C
configure:2432: gcc  -c -g -O2  conftest.c >&5
configure:2438: $? = 0
configure:2441: test -z 			 || test ! -s conftest.err
configure:2444: $? = 0
configure:2447: test -s conftest.o
configure:2450: $? = 0
configure:2468: result: none needed
configure:2486: gcc -c -g -O2  conftest.c >&5
conftest.c:2: error: expected '=', ',', ';', 'asm' or '__attribute__' before 'me'
configure:2492: $? = 1
configure: failed program was:
| #ifndef __cplusplus
|   choke me
| #endif
configure:2635: checking for a BSD-compatible install
configure:2690: result: /usr/bin/install -c
configure:2716: checking for event_set in -levent
configure:2746: gcc -o conftest -g -O2 -I/include   -L/lib conftest.c -levent   >&5
ld: warning: directory '/lib' following -L not found
configure:2752: $? = 0
configure:2755: test -z 			 || test ! -s conftest.err
configure:2758: $? = 0
configure:2761: test -s conftest
configure:2764: $? = 0
configure:2777: result: yes
configure:2798: checking how to run the C preprocessor
configure:2833: gcc -E  conftest.c
configure:2839: $? = 0
configure:2871: gcc -E  conftest.c
conftest.c:12:28: error: ac_nonexistent.h: No such file or directory
configure:2877: $? = 1
configure: failed program was:
| /* confdefs.h.  */
| 
| #define PACKAGE_NAME "memcached"
| #define PACKAGE_TARNAME "memcached"
| #define PACKAGE_VERSION "1.1.12"
| #define PACKAGE_STRING "memcached 1.1.12"
| #define PACKAGE_BUGREPORT "brad@danga.com"
| #define PACKAGE "memcached"
| #define VERSION "1.1.12"
| #define HAVE_LIBEVENT 1
| /* end confdefs.h.  */
| #include <ac_nonexistent.h>
configure:2916: result: gcc -E
configure:2940: gcc -E  conftest.c
configure:2946: $? = 0
configure:2978: gcc -E  conftest.c
conftest.c:12:28: error: ac_nonexistent.h: No such file or directory
configure:2984: $? = 1
configure: failed program was:
| /* confdefs.h.  */
| 
| #define PACKAGE_NAME "memcached"
| #define PACKAGE_TARNAME "memcached"
| #define PACKAGE_VERSION "1.1.12"
| #define PACKAGE_STRING "memcached 1.1.12"
| #define PACKAGE_BUGREPORT "brad@danga.com"
| #define PACKAGE "memcached"
| #define VERSION "1.1.12"
| #define HAVE_LIBEVENT 1
| /* end confdefs.h.  */
| #include <ac_nonexistent.h>
configure:3028: checking for egrep
configure:3038: result: grep -E
configure:3043: checking for ANSI C header files
configure:3068: gcc -c -g -O2 -I/include  conftest.c >&5
configure:3074: $? = 0
configure:3077: test -z 			 || test ! -s conftest.err
configure:3080: $? = 0
configure:3083: test -s conftest.o
configure:3086: $? = 0
configure:3175: gcc -o conftest -g -O2 -I/include   -L/lib conftest.c -levent  >&5
conftest.c: In function 'main':
conftest.c:29: warning: incompatible implicit declaration of built-in function 'exit'
ld: warning: directory '/lib' following -L not found
configure:3178: $? = 0
configure:3180: ./conftest
configure:3183: $? = 0
configure:3198: result: yes
configure:3222: checking for sys/types.h
configure:3238: gcc -c -g -O2 -I/include  conftest.c >&5
configure:3244: $? = 0
configure:3247: test -z 			 || test ! -s conftest.err
configure:3250: $? = 0
configure:3253: test -s conftest.o
configure:3256: $? = 0
configure:3267: result: yes
configure:3222: checking for sys/stat.h
configure:3238: gcc -c -g -O2 -I/include  conftest.c >&5
configure:3244: $? = 0
configure:3247: test -z 			 || test ! -s conftest.err
configure:3250: $? = 0
configure:3253: test -s conftest.o
configure:3256: $? = 0
configure:3267: result: yes
configure:3222: checking for stdlib.h
configure:3238: gcc -c -g -O2 -I/include  conftest.c >&5
configure:3244: $? = 0
configure:3247: test -z 			 || test ! -s conftest.err
configure:3250: $? = 0
configure:3253: test -s conftest.o
configure:3256: $? = 0
configure:3267: result: yes
configure:3222: checking for string.h
configure:3238: gcc -c -g -O2 -I/include  conftest.c >&5
configure:3244: $? = 0
configure:3247: test -z 			 || test ! -s conftest.err
configure:3250: $? = 0
configure:3253: test -s conftest.o
configure:3256: $? = 0
configure:3267: result: yes
configure:3222: checking for memory.h
configure:3238: gcc -c -g -O2 -I/include  conftest.c >&5
configure:3244: $? = 0
configure:3247: test -z 			 || test ! -s conftest.err
configure:3250: $? = 0
configure:3253: test -s conftest.o
configure:3256: $? = 0
configure:3267: result: yes
configure:3222: checking for strings.h
configure:3238: gcc -c -g -O2 -I/include  conftest.c >&5
configure:3244: $? = 0
configure:3247: test -z 			 || test ! -s conftest.err
configure:3250: $? = 0
configure:3253: test -s conftest.o
configure:3256: $? = 0
configure:3267: result: yes
configure:3222: checking for inttypes.h
configure:3238: gcc -c -g -O2 -I/include  conftest.c >&5
configure:3244: $? = 0
configure:3247: test -z 			 || test ! -s conftest.err
configure:3250: $? = 0
configure:3253: test -s conftest.o
configure:3256: $? = 0
configure:3267: result: yes
configure:3222: checking for stdint.h
configure:3238: gcc -c -g -O2 -I/include  conftest.c >&5
configure:3244: $? = 0
configure:3247: test -z 			 || test ! -s conftest.err
configure:3250: $? = 0
configure:3253: test -s conftest.o
configure:3256: $? = 0
configure:3267: result: yes
configure:3222: checking for unistd.h
configure:3238: gcc -c -g -O2 -I/include  conftest.c >&5
configure:3244: $? = 0
configure:3247: test -z 			 || test ! -s conftest.err
configure:3250: $? = 0
configure:3253: test -s conftest.o
configure:3256: $? = 0
configure:3267: result: yes
configure:3289: checking malloc.h usability
configure:3301: gcc -c -g -O2 -I/include  conftest.c >&5
conftest.c:56:20: error: malloc.h: No such file or directory
configure:3307: $? = 1
configure: failed program was:
| /* confdefs.h.  */
| 
| #define PACKAGE_NAME "memcached"
| #define PACKAGE_TARNAME "memcached"
| #define PACKAGE_VERSION "1.1.12"
| #define PACKAGE_STRING "memcached 1.1.12"
| #define PACKAGE_BUGREPORT "brad@danga.com"
| #define PACKAGE "memcached"
| #define VERSION "1.1.12"
| #define HAVE_LIBEVENT 1
| #define STDC_HEADERS 1
| #define HAVE_SYS_TYPES_H 1
| #define HAVE_SYS_STAT_H 1
| #define HAVE_STDLIB_H 1
| #define HAVE_STRING_H 1
| #define HAVE_MEMORY_H 1
| #define HAVE_STRINGS_H 1
| #define HAVE_INTTYPES_H 1
| #define HAVE_STDINT_H 1
| #define HAVE_UNISTD_H 1
| /* end confdefs.h.  */
| #include <stdio.h>
| #if HAVE_SYS_TYPES_H
| # include <sys/types.h>
| #endif
| #if HAVE_SYS_STAT_H
| # include <sys/stat.h>
| #endif
| #if STDC_HEADERS
| # include <stdlib.h>
| # include <stddef.h>
| #else
| # if HAVE_STDLIB_H
| #  include <stdlib.h>
| # endif
| #endif
| #if HAVE_STRING_H
| # if !STDC_HEADERS && HAVE_MEMORY_H
| #  include <memory.h>
| # endif
| # include <string.h>
| #endif
| #if HAVE_STRINGS_H
| # include <strings.h>
| #endif
| #if HAVE_INTTYPES_H
| # include <inttypes.h>
| #else
| # if HAVE_STDINT_H
| #  include <stdint.h>
| # endif
| #endif
| #if HAVE_UNISTD_H
| # include <unistd.h>
| #endif
| #include <malloc.h>
configure:3329: result: no
configure:3333: checking malloc.h presence
configure:3343: gcc -E  conftest.c
conftest.c:22:20: error: malloc.h: No such file or directory
configure:3349: $? = 1
configure: failed program was:
| /* confdefs.h.  */
| 
| #define PACKAGE_NAME "memcached"
| #define PACKAGE_TARNAME "memcached"
| #define PACKAGE_VERSION "1.1.12"
| #define PACKAGE_STRING "memcached 1.1.12"
| #define PACKAGE_BUGREPORT "brad@danga.com"
| #define PACKAGE "memcached"
| #define VERSION "1.1.12"
| #define HAVE_LIBEVENT 1
| #define STDC_HEADERS 1
| #define HAVE_SYS_TYPES_H 1
| #define HAVE_SYS_STAT_H 1
| #define HAVE_STDLIB_H 1
| #define HAVE_STRING_H 1
| #define HAVE_MEMORY_H 1
| #define HAVE_STRINGS_H 1
| #define HAVE_INTTYPES_H 1
| #define HAVE_STDINT_H 1
| #define HAVE_UNISTD_H 1
| /* end confdefs.h.  */
| #include <malloc.h>
configure:3369: result: no
configure:3404: checking for malloc.h
configure:3411: result: no
configure:3424: checking for struct mallinfo.arena
configure:3451: gcc -c -g -O2 -I/include  conftest.c >&5
conftest.c:23:21: error: malloc.h: No such file or directory
conftest.c: In function 'main':
conftest.c:30: error: storage size of 'ac_aggr' isn't known
configure:3457: $? = 1
configure: failed program was:
| /* confdefs.h.  */
| 
| #define PACKAGE_NAME "memcached"
| #define PACKAGE_TARNAME "memcached"
| #define PACKAGE_VERSION "1.1.12"
| #define PACKAGE_STRING "memcached 1.1.12"
| #define PACKAGE_BUGREPORT "brad@danga.com"
| #define PACKAGE "memcached"
| #define VERSION "1.1.12"
| #define HAVE_LIBEVENT 1
| #define STDC_HEADERS 1
| #define HAVE_SYS_TYPES_H 1
| #define HAVE_SYS_STAT_H 1
| #define HAVE_STDLIB_H 1
| #define HAVE_STRING_H 1
| #define HAVE_MEMORY_H 1
| #define HAVE_STRINGS_H 1
| #define HAVE_INTTYPES_H 1
| #define HAVE_STDINT_H 1
| #define HAVE_UNISTD_H 1
| /* end confdefs.h.  */
| 
| #	include <malloc.h>
| 
| 
| 
| int
| main ()
| {
| static struct mallinfo ac_aggr;
| if (ac_aggr.arena)
| return 0;
|   ;
|   return 0;
| }
configure:3498: gcc -c -g -O2 -I/include  conftest.c >&5
conftest.c:23:21: error: malloc.h: No such file or directory
conftest.c: In function 'main':
conftest.c:30: error: storage size of 'ac_aggr' isn't known
configure:3504: $? = 1
configure: failed program was:
| /* confdefs.h.  */
| 
| #define PACKAGE_NAME "memcached"
| #define PACKAGE_TARNAME "memcached"
| #define PACKAGE_VERSION "1.1.12"
| #define PACKAGE_STRING "memcached 1.1.12"
| #define PACKAGE_BUGREPORT "brad@danga.com"
| #define PACKAGE "memcached"
| #define VERSION "1.1.12"
| #define HAVE_LIBEVENT 1
| #define STDC_HEADERS 1
| #define HAVE_SYS_TYPES_H 1
| #define HAVE_SYS_STAT_H 1
| #define HAVE_STDLIB_H 1
| #define HAVE_STRING_H 1
| #define HAVE_MEMORY_H 1
| #define HAVE_STRINGS_H 1
| #define HAVE_INTTYPES_H 1
| #define HAVE_STDINT_H 1
| #define HAVE_UNISTD_H 1
| /* end confdefs.h.  */
| 
| #	include <malloc.h>
| 
| 
| 
| int
| main ()
| {
| static struct mallinfo ac_aggr;
| if (sizeof ac_aggr.arena)
| return 0;
|   ;
|   return 0;
| }
configure:3529: result: no
configure:3544: checking for socklen_t
configure:3571: gcc -c -g -O2 -I/include  conftest.c >&5
configure:3577: $? = 0
configure:3580: test -z 			 || test ! -s conftest.err
configure:3583: $? = 0
configure:3586: test -s conftest.o
configure:3589: $? = 0
configure:3605: result: yes
configure:3620: checking for mlockall
configure:3677: gcc -o conftest -g -O2 -I/include   -L/lib conftest.c -levent  >&5
ld: warning: directory '/lib' following -L not found
configure:3683: $? = 0
configure:3686: test -z 			 || test ! -s conftest.err
configure:3689: $? = 0
configure:3692: test -s conftest
configure:3695: $? = 0
configure:3707: result: yes
configure:3815: creating ./config.status

## ---------------------- ##
## Running config.status. ##
## ---------------------- ##

This file was extended by memcached config.status 1.1.12, which was
generated by GNU Autoconf 2.59.  Invocation command line was

  CONFIG_FILES    = 
  CONFIG_HEADERS  = 
  CONFIG_LINKS    = 
  CONFIG_COMMANDS = 
  $ ./config.status 

on mobileunit1-2.local

config.status:721: creating Makefile
config.status:721: creating doc/Makefile
config.status:787: creating config.h
config.status:1055: executing default-1 commands

## ---------------- ##
## Cache variables. ##
## ---------------- ##

ac_cv_build=i686-apple-darwin10.3.0
ac_cv_build_alias=i686-apple-darwin10.3.0
ac_cv_c_compiler_gnu=yes
ac_cv_c_socklen_t=yes
ac_cv_env_CC_set=
ac_cv_env_CC_value=
ac_cv_env_CFLAGS_set=
ac_cv_env_CFLAGS_value=
ac_cv_env_CPPFLAGS_set=
ac_cv_env_CPPFLAGS_value=
ac_cv_env_CPP_set=
ac_cv_env_CPP_value=
ac_cv_env_LDFLAGS_set=
ac_cv_env_LDFLAGS_value=
ac_cv_env_build_alias_set=
ac_cv_env_build_alias_value=
ac_cv_env_host_alias_set=
ac_cv_env_host_alias_value=
ac_cv_env_target_alias_set=
ac_cv_env_target_alias_value=
ac_cv_exeext=
ac_cv_func_mlockall=yes
ac_cv_header_inttypes_h=yes
ac_cv_header_malloc_h=no
ac_cv_header_memory_h=yes
ac_cv_header_stdc=yes
ac_cv_header_stdint_h=yes
ac_cv_header_stdlib_h=yes
ac_cv_header_string_h=yes
ac_cv_header_strings_h=yes
ac_cv_header_sys_stat_h=yes
ac_cv_header_sys_types_h=yes
ac_cv_header_unistd_h=yes
ac_cv_host=i686-apple-darwin10.3.0
ac_cv_host_alias=i686-apple-darwin10.3.0
ac_cv_lib_event_event_set=yes
ac_cv_member_struct_mallinfo_arena=no
ac_cv_objext=o
ac_cv_path_install='/usr/bin/install -c'
ac_cv_prog_CPP='gcc -E'
ac_cv_prog_ac_ct_CC=gcc
ac_cv_prog_cc_g=yes
ac_cv_prog_cc_stdc=
ac_cv_prog_egrep='grep -E'
ac_cv_prog_make_make_set=yes
ac_cv_target=i686-apple-darwin10.3.0
ac_cv_target_alias=i686-apple-darwin10.3.0

## ----------------- ##
## Output variables. ##
## ----------------- ##

ACLOCAL='/Users/Shared/localhost/codeigniter/src/memcached-1.1.12/missing aclocal-1.4'
AUTOCONF='autoconf'
AUTOHEADER='autoheader'
AUTOMAKE='/Users/Shared/localhost/codeigniter/src/memcached-1.1.12/missing automake-1.4'
CC='gcc'
CFLAGS='-g -O2 -I/include'
CPP='gcc -E'
CPPFLAGS=''
DEFS='-DHAVE_CONFIG_H'
ECHO_C='ECHO_N=''
ECHO_T=''
EGREP='grep -E'
EXEEXT=''
INSTALL_DATA='${INSTALL} -m 644'
INSTALL_PROGRAM='${INSTALL}'
INSTALL_SCRIPT='${INSTALL}'
LDFLAGS=' -L/lib'
LIBOBJS=''
LIBS='-levent '
LTLIBOBJS=''
MAKEINFO='makeinfo'
OBJEXT='o'
PACKAGE='memcached'
PACKAGE_BUGREPORT='brad@danga.com'
PACKAGE_NAME='memcached'
PACKAGE_STRING='memcached 1.1.12'
PACKAGE_TARNAME='memcached'
PACKAGE_VERSION='1.1.12'
PATH_SEPARATOR=':'
SET_MAKE=''
SHELL='/bin/sh'
VERSION='1.1.12'
ac_ct_CC='gcc'
bindir='${exec_prefix}/bin'
build='i686-apple-darwin10.3.0'
build_alias=''
build_cpu='i686'
build_os='darwin10.3.0'
build_vendor='apple'
datadir='${prefix}/share'
exec_prefix='${prefix}'
host='i686-apple-darwin10.3.0'
host_alias=''
host_cpu='i686'
host_os='darwin10.3.0'
host_vendor='apple'
includedir='${prefix}/include'
infodir='${prefix}/info'
libdir='${exec_prefix}/lib'
libexecdir='${exec_prefix}/libexec'
localstatedir='${prefix}/var'
mandir='${prefix}/man'
oldincludedir='/usr/include'
prefix='/usr/local'
program_transform_name='s,x,x,'
sbindir='${exec_prefix}/sbin'
sharedstatedir='${prefix}/com'
sysconfdir='${prefix}/etc'
target='i686-apple-darwin10.3.0'
target_alias=''
target_cpu='i686'
target_os='darwin10.3.0'
target_vendor='apple'

## ----------- ##
## confdefs.h. ##
## ----------- ##

#define HAVE_INTTYPES_H 1
#define HAVE_LIBEVENT 1
#define HAVE_MEMORY_H 1
#define HAVE_MLOCKALL 1
#define HAVE_STDINT_H 1
#define HAVE_STDLIB_H 1
#define HAVE_STRINGS_H 1
#define HAVE_STRING_H 1
#define HAVE_SYS_STAT_H 1
#define HAVE_SYS_TYPES_H 1
#define HAVE_UNISTD_H 1
#define PACKAGE "memcached"
#define PACKAGE_BUGREPORT "brad@danga.com"
#define PACKAGE_NAME "memcached"
#define PACKAGE_STRING "memcached 1.1.12"
#define PACKAGE_TARNAME "memcached"
#define PACKAGE_VERSION "1.1.12"
#define STDC_HEADERS 1
#define VERSION "1.1.12"

configure: exit 0
