This file contains any messages produced by compilers while
running configure, to aid debugging if configure makes a mistake.

It was created by configure, which was
generated by GNU Autoconf 2.59.  Invocation command line was

  $ ./configure --prefix=/usr/local

## --------- ##
## Platform. ##
## --------- ##

hostname = mobileunit1-2.local
uname -m = i386
uname -r = 10.3.0
uname -s = Darwin
uname -v = Darwin Kernel Version 10.3.0: Fri Feb 26 11:58:09 PST 2010; root:xnu-1504.3.12~1/RELEASE_I386

/usr/bin/uname -p = i386
/bin/uname -X     = unknown

/bin/arch              = unknown
/usr/bin/arch -k       = unknown
/usr/convex/getsysinfo = unknown
hostinfo               = Mach kernel version:
	 Darwin Kernel Version 10.3.0: Fri Feb 26 11:58:09 PST 2010; root:xnu-1504.3.12~1/RELEASE_I386
Kernel configured for up to 2 processors.
2 processors are physically available.
2 processors are logically available.
Processor type: i486 (Intel 80486)
Processors active: 0 1
Primary memory available: 6.00 gigabytes
Default processor set: 115 tasks, 595 threads, 2 processors
Load average: 1.97, Mach factor: 0.60
/bin/machine           = unknown
/usr/bin/oslevel       = unknown
/bin/universe          = unknown

PATH: /Library/Frameworks/Python.framework/Versions/2.6/bin
PATH: /opt/local/bin
PATH: /opt/local/sbin
PATH: /Library/Frameworks/Python.framework/Versions/2.6/bin
PATH: /Library/Frameworks/Python.framework/Versions/Current/bin
PATH: /usr/bin
PATH: /bin
PATH: /usr/sbin
PATH: /sbin
PATH: /usr/local/bin
PATH: /usr/local/git/bin
PATH: /usr/X11/bin
PATH: /usr/local/bin
PATH: /opt/local/bin
PATH: /opt/local/sbin
PATH: /usr/local/git/bin
PATH: /Library/Frameworks/Python.framework/Versions/Current/bin
PATH: /usr/bin
PATH: /bin
PATH: /usr/sbin
PATH: /sbin
PATH: /usr/local/bin
PATH: /usr/local/git/bin
PATH: /usr/X11/bin


## ----------- ##
## Core tests. ##
## ----------- ##

configure:1539: checking for a BSD-compatible install
configure:1594: result: /usr/bin/install -c
configure:1605: checking whether build environment is sane
configure:1648: result: yes
configure:1705: checking for gawk
configure:1734: result: no
configure:1705: checking for mawk
configure:1734: result: no
configure:1705: checking for nawk
configure:1734: result: no
configure:1705: checking for awk
configure:1721: found /usr/bin/awk
configure:1731: result: awk
configure:1741: checking whether make sets $(MAKE)
configure:1761: result: yes
configure:1927: checking whether to enable maintainer-specific portions of Makefiles
configure:1936: result: no
configure:2002: checking for gcc
configure:2018: found /usr/bin/gcc
configure:2028: result: gcc
configure:2272: checking for C compiler version
configure:2275: gcc --version </dev/null >&5
i686-apple-darwin10-gcc-4.2.1 (GCC) 4.2.1 (Apple Inc. build 5659)
Copyright (C) 2007 Free Software Foundation, Inc.
This is free software; see the source for copying conditions.  There is NO
warranty; not even for MERCHANTABILITY or FITNESS FOR A PARTICULAR PURPOSE.

configure:2278: $? = 0
configure:2280: gcc -v </dev/null >&5
Using built-in specs.
Target: i686-apple-darwin10
Configured with: /var/tmp/gcc/gcc-5659~1/src/configure --disable-checking --enable-werror --prefix=/usr --mandir=/share/man --enable-languages=c,objc,c++,obj-c++ --program-transform-name=/^[cg][^.-]*$/s/$/-4.2/ --with-slibdir=/usr/lib --build=i686-apple-darwin10 --program-prefix=i686-apple-darwin10- --host=x86_64-apple-darwin10 --target=i686-apple-darwin10 --with-gxx-include-dir=/include/c++/4.2.1
Thread model: posix
gcc version 4.2.1 (Apple Inc. build 5659)
configure:2283: $? = 0
configure:2285: gcc -V </dev/null >&5
gcc-4.2: argument to `-V' is missing
configure:2288: $? = 1
configure:2311: checking for C compiler default output file name
configure:2314: gcc    conftest.c  >&5
configure:2317: $? = 0
configure:2363: result: a.out
configure:2368: checking whether the C compiler works
configure:2374: ./a.out
configure:2377: $? = 0
configure:2394: result: yes
configure:2401: checking whether we are cross compiling
configure:2403: result: no
configure:2406: checking for suffix of executables
configure:2408: gcc -o conftest    conftest.c  >&5
configure:2411: $? = 0
configure:2436: result: 
configure:2442: checking for suffix of object files
configure:2463: gcc -c   conftest.c >&5
configure:2466: $? = 0
configure:2488: result: o
configure:2492: checking whether we are using the GNU C compiler
configure:2516: gcc -c   conftest.c >&5
configure:2522: $? = 0
configure:2526: test -z 
			 || test ! -s conftest.err
configure:2529: $? = 0
configure:2532: test -s conftest.o
configure:2535: $? = 0
configure:2548: result: yes
configure:2554: checking whether gcc accepts -g
configure:2575: gcc -c -g  conftest.c >&5
configure:2581: $? = 0
configure:2585: test -z 
			 || test ! -s conftest.err
configure:2588: $? = 0
configure:2591: test -s conftest.o
configure:2594: $? = 0
configure:2605: result: yes
configure:2622: checking for gcc option to accept ANSI C
configure:2692: gcc  -c -g -O2  conftest.c >&5
configure:2698: $? = 0
configure:2702: test -z 
			 || test ! -s conftest.err
configure:2705: $? = 0
configure:2708: test -s conftest.o
configure:2711: $? = 0
configure:2729: result: none needed
configure:2747: gcc -c -g -O2  conftest.c >&5
conftest.c:2: error: expected '=', ',', ';', 'asm' or '__attribute__' before 'me'
configure:2753: $? = 1
configure: failed program was:
| #ifndef __cplusplus
|   choke me
| #endif
configure:2897: checking for style of include used by make
configure:2925: result: GNU
configure:2953: checking dependency style of gcc
configure:3043: result: none
configure:3073: checking for a BSD-compatible install
configure:3128: result: /usr/bin/install -c
configure:3139: checking whether ln -s works
configure:3143: result: yes
configure:3157: checking how to run the C preprocessor
configure:3192: gcc -E  conftest.c
configure:3198: $? = 0
configure:3230: gcc -E  conftest.c
conftest.c:11:28: error: ac_nonexistent.h: No such file or directory
configure:3236: $? = 1
configure: failed program was:
| /* confdefs.h.  */
| 
| #define PACKAGE_NAME ""
| #define PACKAGE_TARNAME ""
| #define PACKAGE_VERSION ""
| #define PACKAGE_STRING ""
| #define PACKAGE_BUGREPORT ""
| #define PACKAGE "libevent"
| #define VERSION "1.1b"
| /* end confdefs.h.  */
| #include <ac_nonexistent.h>
configure:3275: result: gcc -E
configure:3299: gcc -E  conftest.c
configure:3305: $? = 0
configure:3337: gcc -E  conftest.c
conftest.c:11:28: error: ac_nonexistent.h: No such file or directory
configure:3343: $? = 1
configure: failed program was:
| /* confdefs.h.  */
| 
| #define PACKAGE_NAME ""
| #define PACKAGE_TARNAME ""
| #define PACKAGE_VERSION ""
| #define PACKAGE_STRING ""
| #define PACKAGE_BUGREPORT ""
| #define PACKAGE "libevent"
| #define VERSION "1.1b"
| /* end confdefs.h.  */
| #include <ac_nonexistent.h>
configure:3387: checking for egrep
configure:3397: result: grep -E
configure:3403: checking whether gcc needs -traditional
conftest.c:11:20: error: termio.h: No such file or directory
configure:3445: result: no
configure:3534: checking build system type
configure:3552: result: i686-apple-darwin10.3.0
configure:3560: checking host system type
configure:3574: result: i686-apple-darwin10.3.0
configure:3582: checking for a sed that does not truncate output
configure:3636: result: /usr/bin/sed
configure:3650: checking for ld used by gcc
configure:3717: result: /usr/libexec/gcc/i686-apple-darwin10/4.2.1/ld
configure:3726: checking if the linker (/usr/libexec/gcc/i686-apple-darwin10/4.2.1/ld) is GNU ld
configure:3741: result: no
configure:3746: checking for /usr/libexec/gcc/i686-apple-darwin10/4.2.1/ld option to reload object files
configure:3753: result: -r
configure:3771: checking for BSD-compatible nm
configure:3813: result: /usr/bin/nm
configure:3817: checking how to recognise dependent libraries
configure:3989: result: pass_all
configure:4197: checking for ANSI C header files
configure:4222: gcc -c -g -O2 -Wall  conftest.c >&5
configure:4228: $? = 0
configure:4232: test -z 
			 || test ! -s conftest.err
configure:4235: $? = 0
configure:4238: test -s conftest.o
configure:4241: $? = 0
configure:4330: gcc -o conftest -g -O2 -Wall   conftest.c  >&5
conftest.c: In function 'main':
conftest.c:28: warning: implicit declaration of function 'exit'
conftest.c:28: warning: incompatible implicit declaration of built-in function 'exit'
configure:4333: $? = 0
configure:4335: ./conftest
configure:4338: $? = 0
configure:4353: result: yes
configure:4377: checking for sys/types.h
configure:4393: gcc -c -g -O2 -Wall  conftest.c >&5
configure:4399: $? = 0
configure:4403: test -z 
			 || test ! -s conftest.err
configure:4406: $? = 0
configure:4409: test -s conftest.o
configure:4412: $? = 0
configure:4423: result: yes
configure:4377: checking for sys/stat.h
configure:4393: gcc -c -g -O2 -Wall  conftest.c >&5
configure:4399: $? = 0
configure:4403: test -z 
			 || test ! -s conftest.err
configure:4406: $? = 0
configure:4409: test -s conftest.o
configure:4412: $? = 0
configure:4423: result: yes
configure:4377: checking for stdlib.h
configure:4393: gcc -c -g -O2 -Wall  conftest.c >&5
configure:4399: $? = 0
configure:4403: test -z 
			 || test ! -s conftest.err
configure:4406: $? = 0
configure:4409: test -s conftest.o
configure:4412: $? = 0
configure:4423: result: yes
configure:4377: checking for string.h
configure:4393: gcc -c -g -O2 -Wall  conftest.c >&5
configure:4399: $? = 0
configure:4403: test -z 
			 || test ! -s conftest.err
configure:4406: $? = 0
configure:4409: test -s conftest.o
configure:4412: $? = 0
configure:4423: result: yes
configure:4377: checking for memory.h
configure:4393: gcc -c -g -O2 -Wall  conftest.c >&5
configure:4399: $? = 0
configure:4403: test -z 
			 || test ! -s conftest.err
configure:4406: $? = 0
configure:4409: test -s conftest.o
configure:4412: $? = 0
configure:4423: result: yes
configure:4377: checking for strings.h
configure:4393: gcc -c -g -O2 -Wall  conftest.c >&5
configure:4399: $? = 0
configure:4403: test -z 
			 || test ! -s conftest.err
configure:4406: $? = 0
configure:4409: test -s conftest.o
configure:4412: $? = 0
configure:4423: result: yes
configure:4377: checking for inttypes.h
configure:4393: gcc -c -g -O2 -Wall  conftest.c >&5
configure:4399: $? = 0
configure:4403: test -z 
			 || test ! -s conftest.err
configure:4406: $? = 0
configure:4409: test -s conftest.o
configure:4412: $? = 0
configure:4423: result: yes
configure:4377: checking for stdint.h
configure:4393: gcc -c -g -O2 -Wall  conftest.c >&5
configure:4399: $? = 0
configure:4403: test -z 
			 || test ! -s conftest.err
configure:4406: $? = 0
configure:4409: test -s conftest.o
configure:4412: $? = 0
configure:4423: result: yes
configure:4377: checking for unistd.h
configure:4393: gcc -c -g -O2 -Wall  conftest.c >&5
configure:4399: $? = 0
configure:4403: test -z 
			 || test ! -s conftest.err
configure:4406: $? = 0
configure:4409: test -s conftest.o
configure:4412: $? = 0
configure:4423: result: yes
configure:4449: checking dlfcn.h usability
configure:4461: gcc -c -g -O2 -Wall  conftest.c >&5
configure:4467: $? = 0
configure:4471: test -z 
			 || test ! -s conftest.err
configure:4474: $? = 0
configure:4477: test -s conftest.o
configure:4480: $? = 0
configure:4490: result: yes
configure:4494: checking dlfcn.h presence
configure:4504: gcc -E  conftest.c
configure:4510: $? = 0
configure:4530: result: yes
configure:4565: checking for dlfcn.h
configure:4572: result: yes
configure:4637: checking for g++
configure:4653: found /usr/bin/g++
configure:4663: result: g++
configure:4679: checking for C++ compiler version
configure:4682: g++ --version </dev/null >&5
i686-apple-darwin10-g++-4.2.1 (GCC) 4.2.1 (Apple Inc. build 5659)
Copyright (C) 2007 Free Software Foundation, Inc.
This is free software; see the source for copying conditions.  There is NO
warranty; not even for MERCHANTABILITY or FITNESS FOR A PARTICULAR PURPOSE.

configure:4685: $? = 0
configure:4687: g++ -v </dev/null >&5
Using built-in specs.
Target: i686-apple-darwin10
Configured with: /var/tmp/gcc/gcc-5659~1/src/configure --disable-checking --enable-werror --prefix=/usr --mandir=/share/man --enable-languages=c,objc,c++,obj-c++ --program-transform-name=/^[cg][^.-]*$/s/$/-4.2/ --with-slibdir=/usr/lib --build=i686-apple-darwin10 --program-prefix=i686-apple-darwin10- --host=x86_64-apple-darwin10 --target=i686-apple-darwin10 --with-gxx-include-dir=/include/c++/4.2.1
Thread model: posix
gcc version 4.2.1 (Apple Inc. build 5659)
configure:4690: $? = 0
configure:4692: g++ -V </dev/null >&5
g++-4.2: argument to `-V' is missing
configure:4695: $? = 1
configure:4698: checking whether we are using the GNU C++ compiler
configure:4722: g++ -c   conftest.cc >&5
configure:4728: $? = 0
configure:4732: test -z 
			 || test ! -s conftest.err
configure:4735: $? = 0
configure:4738: test -s conftest.o
configure:4741: $? = 0
configure:4754: result: yes
configure:4760: checking whether g++ accepts -g
configure:4781: g++ -c -g  conftest.cc >&5
configure:4787: $? = 0
configure:4791: test -z 
			 || test ! -s conftest.err
configure:4794: $? = 0
configure:4797: test -s conftest.o
configure:4800: $? = 0
configure:4811: result: yes
configure:4853: g++ -c -g -O2  conftest.cc >&5
configure:4859: $? = 0
configure:4863: test -z 
			 || test ! -s conftest.err
configure:4866: $? = 0
configure:4869: test -s conftest.o
configure:4872: $? = 0
configure:4898: g++ -c -g -O2  conftest.cc >&5
conftest.cc: In function 'int main()':
conftest.cc:26: error: 'exit' was not declared in this scope
configure:4904: $? = 1
configure: failed program was:
| /* confdefs.h.  */
| 
| #define PACKAGE_NAME ""
| #define PACKAGE_TARNAME ""
| #define PACKAGE_VERSION ""
| #define PACKAGE_STRING ""
| #define PACKAGE_BUGREPORT ""
| #define PACKAGE "libevent"
| #define VERSION "1.1b"
| #define STDC_HEADERS 1
| #define HAVE_SYS_TYPES_H 1
| #define HAVE_SYS_STAT_H 1
| #define HAVE_STDLIB_H 1
| #define HAVE_STRING_H 1
| #define HAVE_MEMORY_H 1
| #define HAVE_STRINGS_H 1
| #define HAVE_INTTYPES_H 1
| #define HAVE_STDINT_H 1
| #define HAVE_UNISTD_H 1
| #define HAVE_DLFCN_H 1
| /* end confdefs.h.  */
| 
| int
| main ()
| {
| exit (42);
|   ;
|   return 0;
| }
configure:4853: g++ -c -g -O2  conftest.cc >&5
conftest.cc:22: error: 'void std::exit(int)' should have been declared inside 'std'
In file included from conftest.cc:23:
/usr/include/stdlib.h:159: error: declaration of 'void std::exit(int)' throws different exceptions
conftest.cc:22: error: from previous declaration 'void std::exit(int) throw ()'
configure:4859: $? = 1
configure: failed program was:
| /* confdefs.h.  */
| 
| #define PACKAGE_NAME ""
| #define PACKAGE_TARNAME ""
| #define PACKAGE_VERSION ""
| #define PACKAGE_STRING ""
| #define PACKAGE_BUGREPORT ""
| #define PACKAGE "libevent"
| #define VERSION "1.1b"
| #define STDC_HEADERS 1
| #define HAVE_SYS_TYPES_H 1
| #define HAVE_SYS_STAT_H 1
| #define HAVE_STDLIB_H 1
| #define HAVE_STRING_H 1
| #define HAVE_MEMORY_H 1
| #define HAVE_STRINGS_H 1
| #define HAVE_INTTYPES_H 1
| #define HAVE_STDINT_H 1
| #define HAVE_UNISTD_H 1
| #define HAVE_DLFCN_H 1
| /* end confdefs.h.  */
| extern "C" void std::exit (int) throw (); using std::exit;
| #include <stdlib.h>
| int
| main ()
| {
| exit (42);
|   ;
|   return 0;
| }
configure:4853: g++ -c -g -O2  conftest.cc >&5
conftest.cc:22: error: 'void std::exit(int)' should have been declared inside 'std'
configure:4859: $? = 1
configure: failed program was:
| /* confdefs.h.  */
| 
| #define PACKAGE_NAME ""
| #define PACKAGE_TARNAME ""
| #define PACKAGE_VERSION ""
| #define PACKAGE_STRING ""
| #define PACKAGE_BUGREPORT ""
| #define PACKAGE "libevent"
| #define VERSION "1.1b"
| #define STDC_HEADERS 1
| #define HAVE_SYS_TYPES_H 1
| #define HAVE_SYS_STAT_H 1
| #define HAVE_STDLIB_H 1
| #define HAVE_STRING_H 1
| #define HAVE_MEMORY_H 1
| #define HAVE_STRINGS_H 1
| #define HAVE_INTTYPES_H 1
| #define HAVE_STDINT_H 1
| #define HAVE_UNISTD_H 1
| #define HAVE_DLFCN_H 1
| /* end confdefs.h.  */
| extern "C" void std::exit (int); using std::exit;
| #include <stdlib.h>
| int
| main ()
| {
| exit (42);
|   ;
|   return 0;
| }
configure:4853: g++ -c -g -O2  conftest.cc >&5
In file included from conftest.cc:23:
/usr/include/stdlib.h:159: error: declaration of 'void exit(int)' throws different exceptions
conftest.cc:22: error: from previous declaration 'void exit(int) throw ()'
configure:4859: $? = 1
configure: failed program was:
| /* confdefs.h.  */
| 
| #define PACKAGE_NAME ""
| #define PACKAGE_TARNAME ""
| #define PACKAGE_VERSION ""
| #define PACKAGE_STRING ""
| #define PACKAGE_BUGREPORT ""
| #define PACKAGE "libevent"
| #define VERSION "1.1b"
| #define STDC_HEADERS 1
| #define HAVE_SYS_TYPES_H 1
| #define HAVE_SYS_STAT_H 1
| #define HAVE_STDLIB_H 1
| #define HAVE_STRING_H 1
| #define HAVE_MEMORY_H 1
| #define HAVE_STRINGS_H 1
| #define HAVE_INTTYPES_H 1
| #define HAVE_STDINT_H 1
| #define HAVE_UNISTD_H 1
| #define HAVE_DLFCN_H 1
| /* end confdefs.h.  */
| extern "C" void exit (int) throw ();
| #include <stdlib.h>
| int
| main ()
| {
| exit (42);
|   ;
|   return 0;
| }
configure:4853: g++ -c -g -O2  conftest.cc >&5
configure:4859: $? = 0
configure:4863: test -z 
			 || test ! -s conftest.err
configure:4866: $? = 0
configure:4869: test -s conftest.o
configure:4872: $? = 0
configure:4898: g++ -c -g -O2  conftest.cc >&5
configure:4904: $? = 0
configure:4908: test -z 
			 || test ! -s conftest.err
configure:4911: $? = 0
configure:4914: test -s conftest.o
configure:4917: $? = 0
configure:4942: checking dependency style of g++
configure:5032: result: none
configure:5059: checking how to run the C++ preprocessor
configure:5090: g++ -E  conftest.cc
configure:5096: $? = 0
configure:5128: g++ -E  conftest.cc
conftest.cc:25:28: error: ac_nonexistent.h: No such file or directory
configure:5134: $? = 1
configure: failed program was:
| /* confdefs.h.  */
| 
| #define PACKAGE_NAME ""
| #define PACKAGE_TARNAME ""
| #define PACKAGE_VERSION ""
| #define PACKAGE_STRING ""
| #define PACKAGE_BUGREPORT ""
| #define PACKAGE "libevent"
| #define VERSION "1.1b"
| #define STDC_HEADERS 1
| #define HAVE_SYS_TYPES_H 1
| #define HAVE_SYS_STAT_H 1
| #define HAVE_STDLIB_H 1
| #define HAVE_STRING_H 1
| #define HAVE_MEMORY_H 1
| #define HAVE_STRINGS_H 1
| #define HAVE_INTTYPES_H 1
| #define HAVE_STDINT_H 1
| #define HAVE_UNISTD_H 1
| #define HAVE_DLFCN_H 1
| #ifdef __cplusplus
| extern "C" void exit (int);
| #endif
| /* end confdefs.h.  */
| #include <ac_nonexistent.h>
configure:5173: result: g++ -E
configure:5197: g++ -E  conftest.cc
configure:5203: $? = 0
configure:5235: g++ -E  conftest.cc
conftest.cc:25:28: error: ac_nonexistent.h: No such file or directory
configure:5241: $? = 1
configure: failed program was:
| /* confdefs.h.  */
| 
| #define PACKAGE_NAME ""
| #define PACKAGE_TARNAME ""
| #define PACKAGE_VERSION ""
| #define PACKAGE_STRING ""
| #define PACKAGE_BUGREPORT ""
| #define PACKAGE "libevent"
| #define VERSION "1.1b"
| #define STDC_HEADERS 1
| #define HAVE_SYS_TYPES_H 1
| #define HAVE_SYS_STAT_H 1
| #define HAVE_STDLIB_H 1
| #define HAVE_STRING_H 1
| #define HAVE_MEMORY_H 1
| #define HAVE_STRINGS_H 1
| #define HAVE_INTTYPES_H 1
| #define HAVE_STDINT_H 1
| #define HAVE_UNISTD_H 1
| #define HAVE_DLFCN_H 1
| #ifdef __cplusplus
| extern "C" void exit (int);
| #endif
| /* end confdefs.h.  */
| #include <ac_nonexistent.h>
configure:5338: checking for g77
configure:5367: result: no
configure:5338: checking for f77
configure:5367: result: no
configure:5338: checking for xlf
configure:5367: result: no
configure:5338: checking for frt
configure:5367: result: no
configure:5338: checking for pgf77
configure:5367: result: no
configure:5338: checking for fort77
configure:5367: result: no
configure:5338: checking for fl32
configure:5367: result: no
configure:5338: checking for af77
configure:5367: result: no
configure:5338: checking for f90
configure:5367: result: no
configure:5338: checking for xlf90
configure:5367: result: no
configure:5338: checking for pgf90
configure:5367: result: no
configure:5338: checking for epcf90
configure:5367: result: no
configure:5338: checking for f95
configure:5367: result: no
configure:5338: checking for fort
configure:5367: result: no
configure:5338: checking for xlf95
configure:5367: result: no
configure:5338: checking for ifc
configure:5367: result: no
configure:5338: checking for efc
configure:5367: result: no
configure:5338: checking for pgf95
configure:5367: result: no
configure:5338: checking for lf95
configure:5367: result: no
configure:5338: checking for gfortran
configure:5367: result: no
configure:5379: checking for Fortran 77 compiler version
configure:5382:  --version </dev/null >&5
./configure: line 5383: --version: command not found
configure:5385: $? = 127
configure:5387:  -v </dev/null >&5
./configure: line 5388: -v: command not found
configure:5390: $? = 127
configure:5392:  -V </dev/null >&5
./configure: line 5393: -V: command not found
configure:5395: $? = 127
configure:5403: checking whether we are using the GNU Fortran 77 compiler
configure:5417:  -c  conftest.F >&5
./configure: line 5418: -c: command not found
configure:5423: $? = 127
configure: failed program was:
|       program main
| #ifndef __GNUC__
|        choke me
| #endif
| 
|       end
configure:5449: result: no
configure:5455: checking whether  accepts -g
configure:5467:  -c -g conftest.f >&5
./configure: line 5468: -c: command not found
configure:5473: $? = 127
configure: failed program was:
|       program main
| 
|       end
configure:5498: result: no
configure:5528: checking the maximum length of command line arguments
configure:5620: result: 196608
configure:5631: checking command to parse /usr/bin/nm output from gcc object
configure:5727: gcc -c -g -O2 -Wall  conftest.c >&5
configure:5730: $? = 0
configure:5734: /usr/bin/nm conftest.o \| sed -n -e 's/^.*[ 	]\([BCDEGRST][BCDEGRST]*\)[ 	][ 	]*\([_A-Za-z][_A-Za-z0-9]*\)$/\1 \2 \2/p' \> conftest.nm
configure:5737: $? = 0
cannot find nm_test_var in conftest.nm
configure:5727: gcc -c -g -O2 -Wall  conftest.c >&5
configure:5730: $? = 0
configure:5734: /usr/bin/nm conftest.o \| sed -n -e 's/^.*[ 	]\([BCDEGRST][BCDEGRST]*\)[ 	][ 	]*_\([_A-Za-z][_A-Za-z0-9]*\)$/\1 _\2 \2/p' \> conftest.nm
configure:5737: $? = 0
configure:5789: gcc -o conftest -g -O2 -Wall   conftest.c conftstm.o >&5
configure:5792: $? = 0
configure:5830: result: ok
configure:5834: checking for objdir
configure:5849: result: .libs
configure:5939: checking for ar
configure:5955: found /usr/bin/ar
configure:5966: result: ar
configure:6019: checking for ranlib
configure:6035: found /usr/bin/ranlib
configure:6046: result: ranlib
configure:6099: checking for strip
configure:6115: found /usr/bin/strip
configure:6126: result: strip
configure:6413: checking if gcc static flag  works
configure:6441: result: yes
configure:6459: checking if gcc supports -fno-rtti -fno-exceptions
configure:6477: gcc -c -g -O2 -Wall  -fno-rtti -fno-exceptions conftest.c >&5
cc1: warning: command line option "-fno-rtti" is valid for C++/ObjC++ but not for C
configure:6481: $? = 0
configure:6494: result: no
configure:6509: checking for gcc option to produce PIC
configure:6713: result: -fno-common
configure:6721: checking if gcc PIC flag -fno-common works
configure:6739: gcc -c -g -O2 -Wall  -fno-common -DPIC conftest.c >&5
configure:6743: $? = 0
configure:6756: result: yes
configure:6780: checking if gcc supports -c -o file.o
configure:6801: gcc -c -g -O2 -Wall  -o out/conftest2.o conftest.c >&5
configure:6805: $? = 0
configure:6827: result: yes
configure:6853: checking whether the gcc linker (/usr/libexec/gcc/i686-apple-darwin10/4.2.1/ld) supports shared libraries
configure:7749: result: yes
configure:7820: checking dynamic linker characteristics
configure:8366: result: darwin10.3.0 dyld
configure:8370: checking how to hardcode library paths into programs
configure:8395: result: immediate
configure:8409: checking whether stripping libraries is possible
configure:8422: result: yes
configure:9244: checking if libtool supports shared libraries
configure:9246: result: yes
configure:9249: checking whether to build shared libraries
configure:9270: result: yes
configure:9273: checking whether to build static libraries
configure:9277: result: yes
configure:9369: creating libtool
configure:9947: checking for ld used by g++
configure:10014: result: /usr/libexec/gcc/i686-apple-darwin10/4.2.1/ld
configure:10023: checking if the linker (/usr/libexec/gcc/i686-apple-darwin10/4.2.1/ld) is GNU ld
configure:10038: result: no
configure:10089: checking whether the g++ linker (/usr/libexec/gcc/i686-apple-darwin10/4.2.1/ld) supports shared libraries
configure:10976: result: yes
configure:10994: g++ -c -g -O2  conftest.cc >&5
configure:10997: $? = 0
configure:11093: checking for g++ option to produce PIC
configure:11361: result: -fno-common
configure:11369: checking if g++ PIC flag -fno-common works
configure:11387: g++ -c -g -O2  -fno-common -DPIC conftest.cc >&5
configure:11391: $? = 0
configure:11404: result: yes
configure:11428: checking if g++ supports -c -o file.o
configure:11449: g++ -c -g -O2  -o out/conftest2.o conftest.cc >&5
configure:11453: $? = 0
configure:11475: result: yes
configure:11501: checking whether the g++ linker (/usr/libexec/gcc/i686-apple-darwin10/4.2.1/ld) supports shared libraries
configure:11526: result: yes
configure:11597: checking dynamic linker characteristics
configure:12143: result: darwin10.3.0 dyld
configure:12147: checking how to hardcode library paths into programs
configure:12172: result: immediate
configure:12186: checking whether stripping libraries is possible
configure:12199: result: yes
configure:19710: checking for socket in -lsocket
configure:19740: gcc -o conftest -g -O2 -Wall   conftest.c -lsocket   >&5
ld: library not found for -lsocket
collect2: ld returned 1 exit status
configure:19746: $? = 1
configure: failed program was:
| /* confdefs.h.  */
| 
| #define PACKAGE_NAME ""
| #define PACKAGE_TARNAME ""
| #define PACKAGE_VERSION ""
| #define PACKAGE_STRING ""
| #define PACKAGE_BUGREPORT ""
| #define PACKAGE "libevent"
| #define VERSION "1.1b"
| #define STDC_HEADERS 1
| #define HAVE_SYS_TYPES_H 1
| #define HAVE_SYS_STAT_H 1
| #define HAVE_STDLIB_H 1
| #define HAVE_STRING_H 1
| #define HAVE_MEMORY_H 1
| #define HAVE_STRINGS_H 1
| #define HAVE_INTTYPES_H 1
| #define HAVE_STDINT_H 1
| #define HAVE_UNISTD_H 1
| #define HAVE_DLFCN_H 1
| #ifdef __cplusplus
| extern "C" void exit (int);
| #endif
| /* end confdefs.h.  */
| 
| /* Override any gcc2 internal prototype to avoid an error.  */
| #ifdef __cplusplus
| extern "C"
| #endif
| /* We use char because int might match the return type of a gcc2
|    builtin and then its argument prototype would still apply.  */
| char socket ();
| int
| main ()
| {
| socket ();
|   ;
|   return 0;
| }
configure:19772: result: no
configure:19784: checking for ANSI C header files
configure:19940: result: yes
configure:19976: checking fcntl.h usability
configure:19988: gcc -c -g -O2 -Wall  conftest.c >&5
configure:19994: $? = 0
configure:19998: test -z 
			 || test ! -s conftest.err
configure:20001: $? = 0
configure:20004: test -s conftest.o
configure:20007: $? = 0
configure:20017: result: yes
configure:20021: checking fcntl.h presence
configure:20031: gcc -E  conftest.c
configure:20037: $? = 0
configure:20057: result: yes
configure:20092: checking for fcntl.h
configure:20099: result: yes
configure:19976: checking stdarg.h usability
configure:19988: gcc -c -g -O2 -Wall  conftest.c >&5
configure:19994: $? = 0
configure:19998: test -z 
			 || test ! -s conftest.err
configure:20001: $? = 0
configure:20004: test -s conftest.o
configure:20007: $? = 0
configure:20017: result: yes
configure:20021: checking stdarg.h presence
configure:20031: gcc -E  conftest.c
configure:20037: $? = 0
configure:20057: result: yes
configure:20092: checking for stdarg.h
configure:20099: result: yes
configure:19967: checking for inttypes.h
configure:19972: result: yes
configure:19967: checking for stdint.h
configure:19972: result: yes
configure:19976: checking poll.h usability
configure:19988: gcc -c -g -O2 -Wall  conftest.c >&5
configure:19994: $? = 0
configure:19998: test -z 
			 || test ! -s conftest.err
configure:20001: $? = 0
configure:20004: test -s conftest.o
configure:20007: $? = 0
configure:20017: result: yes
configure:20021: checking poll.h presence
configure:20031: gcc -E  conftest.c
configure:20037: $? = 0
configure:20057: result: yes
configure:20092: checking for poll.h
configure:20099: result: yes
configure:19976: checking signal.h usability
configure:19988: gcc -c -g -O2 -Wall  conftest.c >&5
configure:19994: $? = 0
configure:19998: test -z 
			 || test ! -s conftest.err
configure:20001: $? = 0
configure:20004: test -s conftest.o
configure:20007: $? = 0
configure:20017: result: yes
configure:20021: checking signal.h presence
configure:20031: gcc -E  conftest.c
configure:20037: $? = 0
configure:20057: result: yes
configure:20092: checking for signal.h
configure:20099: result: yes
configure:19967: checking for unistd.h
configure:19972: result: yes
configure:19976: checking sys/epoll.h usability
configure:19988: gcc -c -g -O2 -Wall  conftest.c >&5
conftest.c:67:23: error: sys/epoll.h: No such file or directory
configure:19994: $? = 1
configure: failed program was:
| /* confdefs.h.  */
| 
| #define PACKAGE_NAME ""
| #define PACKAGE_TARNAME ""
| #define PACKAGE_VERSION ""
| #define PACKAGE_STRING ""
| #define PACKAGE_BUGREPORT ""
| #define PACKAGE "libevent"
| #define VERSION "1.1b"
| #define STDC_HEADERS 1
| #define HAVE_SYS_TYPES_H 1
| #define HAVE_SYS_STAT_H 1
| #define HAVE_STDLIB_H 1
| #define HAVE_STRING_H 1
| #define HAVE_MEMORY_H 1
| #define HAVE_STRINGS_H 1
| #define HAVE_INTTYPES_H 1
| #define HAVE_STDINT_H 1
| #define HAVE_UNISTD_H 1
| #define HAVE_DLFCN_H 1
| #ifdef __cplusplus
| extern "C" void exit (int);
| #endif
| #define STDC_HEADERS 1
| #define HAVE_FCNTL_H 1
| #define HAVE_STDARG_H 1
| #define HAVE_INTTYPES_H 1
| #define HAVE_STDINT_H 1
| #define HAVE_POLL_H 1
| #define HAVE_SIGNAL_H 1
| #define HAVE_UNISTD_H 1
| /* end confdefs.h.  */
| #include <stdio.h>
| #if HAVE_SYS_TYPES_H
| # include <sys/types.h>
| #endif
| #if HAVE_SYS_STAT_H
| # include <sys/stat.h>
| #endif
| #if STDC_HEADERS
| # include <stdlib.h>
| # include <stddef.h>
| #else
| # if HAVE_STDLIB_H
| #  include <stdlib.h>
| # endif
| #endif
| #if HAVE_STRING_H
| # if !STDC_HEADERS && HAVE_MEMORY_H
| #  include <memory.h>
| # endif
| # include <string.h>
| #endif
| #if HAVE_STRINGS_H
| # include <strings.h>
| #endif
| #if HAVE_INTTYPES_H
| # include <inttypes.h>
| #else
| # if HAVE_STDINT_H
| #  include <stdint.h>
| # endif
| #endif
| #if HAVE_UNISTD_H
| # include <unistd.h>
| #endif
| #include <sys/epoll.h>
configure:20017: result: no
configure:20021: checking sys/epoll.h presence
configure:20031: gcc -E  conftest.c
conftest.c:33:23: error: sys/epoll.h: No such file or directory
configure:20037: $? = 1
configure: failed program was:
| /* confdefs.h.  */
| 
| #define PACKAGE_NAME ""
| #define PACKAGE_TARNAME ""
| #define PACKAGE_VERSION ""
| #define PACKAGE_STRING ""
| #define PACKAGE_BUGREPORT ""
| #define PACKAGE "libevent"
| #define VERSION "1.1b"
| #define STDC_HEADERS 1
| #define HAVE_SYS_TYPES_H 1
| #define HAVE_SYS_STAT_H 1
| #define HAVE_STDLIB_H 1
| #define HAVE_STRING_H 1
| #define HAVE_MEMORY_H 1
| #define HAVE_STRINGS_H 1
| #define HAVE_INTTYPES_H 1
| #define HAVE_STDINT_H 1
| #define HAVE_UNISTD_H 1
| #define HAVE_DLFCN_H 1
| #ifdef __cplusplus
| extern "C" void exit (int);
| #endif
| #define STDC_HEADERS 1
| #define HAVE_FCNTL_H 1
| #define HAVE_STDARG_H 1
| #define HAVE_INTTYPES_H 1
| #define HAVE_STDINT_H 1
| #define HAVE_POLL_H 1
| #define HAVE_SIGNAL_H 1
| #define HAVE_UNISTD_H 1
| /* end confdefs.h.  */
| #include <sys/epoll.h>
configure:20057: result: no
configure:20092: checking for sys/epoll.h
configure:20099: result: no
configure:19976: checking sys/time.h usability
configure:19988: gcc -c -g -O2 -Wall  conftest.c >&5
configure:19994: $? = 0
configure:19998: test -z 
			 || test ! -s conftest.err
configure:20001: $? = 0
configure:20004: test -s conftest.o
configure:20007: $? = 0
configure:20017: result: yes
configure:20021: checking sys/time.h presence
configure:20031: gcc -E  conftest.c
configure:20037: $? = 0
configure:20057: result: yes
configure:20092: checking for sys/time.h
configure:20099: result: yes
configure:19976: checking sys/queue.h usability
configure:19988: gcc -c -g -O2 -Wall  conftest.c >&5
configure:19994: $? = 0
configure:19998: test -z 
			 || test ! -s conftest.err
configure:20001: $? = 0
configure:20004: test -s conftest.o
configure:20007: $? = 0
configure:20017: result: yes
configure:20021: checking sys/queue.h presence
configure:20031: gcc -E  conftest.c
configure:20037: $? = 0
configure:20057: result: yes
configure:20092: checking for sys/queue.h
configure:20099: result: yes
configure:19976: checking sys/event.h usability
configure:19988: gcc -c -g -O2 -Wall  conftest.c >&5
configure:19994: $? = 0
configure:19998: test -z 
			 || test ! -s conftest.err
configure:20001: $? = 0
configure:20004: test -s conftest.o
configure:20007: $? = 0
configure:20017: result: yes
configure:20021: checking sys/event.h presence
configure:20031: gcc -E  conftest.c
configure:20037: $? = 0
configure:20057: result: yes
configure:20092: checking for sys/event.h
configure:20099: result: yes
configure:19976: checking sys/ioctl.h usability
configure:19988: gcc -c -g -O2 -Wall  conftest.c >&5
configure:19994: $? = 0
configure:19998: test -z 
			 || test ! -s conftest.err
configure:20001: $? = 0
configure:20004: test -s conftest.o
configure:20007: $? = 0
configure:20017: result: yes
configure:20021: checking sys/ioctl.h presence
configure:20031: gcc -E  conftest.c
configure:20037: $? = 0
configure:20057: result: yes
configure:20092: checking for sys/ioctl.h
configure:20099: result: yes
configure:19976: checking sys/devpoll.h usability
configure:19988: gcc -c -g -O2 -Wall  conftest.c >&5
conftest.c:71:25: error: sys/devpoll.h: No such file or directory
configure:19994: $? = 1
configure: failed program was:
| /* confdefs.h.  */
| 
| #define PACKAGE_NAME ""
| #define PACKAGE_TARNAME ""
| #define PACKAGE_VERSION ""
| #define PACKAGE_STRING ""
| #define PACKAGE_BUGREPORT ""
| #define PACKAGE "libevent"
| #define VERSION "1.1b"
| #define STDC_HEADERS 1
| #define HAVE_SYS_TYPES_H 1
| #define HAVE_SYS_STAT_H 1
| #define HAVE_STDLIB_H 1
| #define HAVE_STRING_H 1
| #define HAVE_MEMORY_H 1
| #define HAVE_STRINGS_H 1
| #define HAVE_INTTYPES_H 1
| #define HAVE_STDINT_H 1
| #define HAVE_UNISTD_H 1
| #define HAVE_DLFCN_H 1
| #ifdef __cplusplus
| extern "C" void exit (int);
| #endif
| #define STDC_HEADERS 1
| #define HAVE_FCNTL_H 1
| #define HAVE_STDARG_H 1
| #define HAVE_INTTYPES_H 1
| #define HAVE_STDINT_H 1
| #define HAVE_POLL_H 1
| #define HAVE_SIGNAL_H 1
| #define HAVE_UNISTD_H 1
| #define HAVE_SYS_TIME_H 1
| #define HAVE_SYS_QUEUE_H 1
| #define HAVE_SYS_EVENT_H 1
| #define HAVE_SYS_IOCTL_H 1
| /* end confdefs.h.  */
| #include <stdio.h>
| #if HAVE_SYS_TYPES_H
| # include <sys/types.h>
| #endif
| #if HAVE_SYS_STAT_H
| # include <sys/stat.h>
| #endif
| #if STDC_HEADERS
| # include <stdlib.h>
| # include <stddef.h>
| #else
| # if HAVE_STDLIB_H
| #  include <stdlib.h>
| # endif
| #endif
| #if HAVE_STRING_H
| # if !STDC_HEADERS && HAVE_MEMORY_H
| #  include <memory.h>
| # endif
| # include <string.h>
| #endif
| #if HAVE_STRINGS_H
| # include <strings.h>
| #endif
| #if HAVE_INTTYPES_H
| # include <inttypes.h>
| #else
| # if HAVE_STDINT_H
| #  include <stdint.h>
| # endif
| #endif
| #if HAVE_UNISTD_H
| # include <unistd.h>
| #endif
| #include <sys/devpoll.h>
configure:20017: result: no
configure:20021: checking sys/devpoll.h presence
configure:20031: gcc -E  conftest.c
conftest.c:37:25: error: sys/devpoll.h: No such file or directory
configure:20037: $? = 1
configure: failed program was:
| /* confdefs.h.  */
| 
| #define PACKAGE_NAME ""
| #define PACKAGE_TARNAME ""
| #define PACKAGE_VERSION ""
| #define PACKAGE_STRING ""
| #define PACKAGE_BUGREPORT ""
| #define PACKAGE "libevent"
| #define VERSION "1.1b"
| #define STDC_HEADERS 1
| #define HAVE_SYS_TYPES_H 1
| #define HAVE_SYS_STAT_H 1
| #define HAVE_STDLIB_H 1
| #define HAVE_STRING_H 1
| #define HAVE_MEMORY_H 1
| #define HAVE_STRINGS_H 1
| #define HAVE_INTTYPES_H 1
| #define HAVE_STDINT_H 1
| #define HAVE_UNISTD_H 1
| #define HAVE_DLFCN_H 1
| #ifdef __cplusplus
| extern "C" void exit (int);
| #endif
| #define STDC_HEADERS 1
| #define HAVE_FCNTL_H 1
| #define HAVE_STDARG_H 1
| #define HAVE_INTTYPES_H 1
| #define HAVE_STDINT_H 1
| #define HAVE_POLL_H 1
| #define HAVE_SIGNAL_H 1
| #define HAVE_UNISTD_H 1
| #define HAVE_SYS_TIME_H 1
| #define HAVE_SYS_QUEUE_H 1
| #define HAVE_SYS_EVENT_H 1
| #define HAVE_SYS_IOCTL_H 1
| /* end confdefs.h.  */
| #include <sys/devpoll.h>
configure:20057: result: no
configure:20092: checking for sys/devpoll.h
configure:20099: result: no
configure:20113: checking for TAILQ_FOREACH in sys/queue.h
configure:20130: result: yes
configure:20147: checking for timeradd in sys/time.h
configure:20169: result: yes
configure:20181: checking for timercmp in sys/time.h
configure:20203: result: yes
configure:20215: checking for timerclear in sys/time.h
configure:20237: result: yes
configure:20249: checking for timerisset in sys/time.h
configure:20271: result: yes
configure:20282: checking for an ANSI C-conforming const
configure:20349: gcc -c -g -O2 -Wall  conftest.c >&5
conftest.c: In function 'main':
conftest.c:69: warning: unused variable 's'
conftest.c:89: warning: unused variable 'foo'
conftest.c:56: warning: unused variable 'zero'
conftest.c:50: warning: unused variable 'x'
conftest.c:71: warning: 't' is used uninitialized in this function
conftest.c:86: warning: 'b' is used uninitialized in this function
configure:20355: $? = 0
configure:20359: test -z 
			 || test ! -s conftest.err
configure:20362: $? = 0
configure:20365: test -s conftest.o
configure:20368: $? = 0
configure:20379: result: yes
configure:20389: checking for inline
configure:20410: gcc -c -g -O2 -Wall  conftest.c >&5
configure:20416: $? = 0
configure:20420: test -z 
			 || test ! -s conftest.err
configure:20423: $? = 0
configure:20426: test -s conftest.o
configure:20429: $? = 0
configure:20441: result: inline
configure:20460: checking whether time.h and sys/time.h may both be included
configure:20485: gcc -c -g -O2 -Wall  conftest.c >&5
configure:20491: $? = 0
configure:20495: test -z 
			 || test ! -s conftest.err
configure:20498: $? = 0
configure:20501: test -s conftest.o
configure:20504: $? = 0
configure:20515: result: yes
configure:20532: checking for gettimeofday
configure:20589: gcc -o conftest -g -O2 -Wall   conftest.c  >&5
configure:20595: $? = 0
configure:20599: test -z 
			 || test ! -s conftest.err
configure:20602: $? = 0
configure:20605: test -s conftest
configure:20608: $? = 0
configure:20620: result: yes
configure:20532: checking for vasprintf
configure:20589: gcc -o conftest -g -O2 -Wall   conftest.c  >&5
configure:20595: $? = 0
configure:20599: test -z 
			 || test ! -s conftest.err
configure:20602: $? = 0
configure:20605: test -s conftest
configure:20608: $? = 0
configure:20620: result: yes
configure:20532: checking for fcntl
configure:20589: gcc -o conftest -g -O2 -Wall   conftest.c  >&5
configure:20595: $? = 0
configure:20599: test -z 
			 || test ! -s conftest.err
configure:20602: $? = 0
configure:20605: test -s conftest
configure:20608: $? = 0
configure:20620: result: yes
configure:20631: checking for F_SETFD in fcntl.h
configure:20654: result: yes
configure:20669: checking for select
configure:20726: gcc -o conftest -g -O2 -Wall   conftest.c  >&5
configure:20732: $? = 0
configure:20736: test -z 
			 || test ! -s conftest.err
configure:20739: $? = 0
configure:20742: test -s conftest
configure:20745: $? = 0
configure:20757: result: yes
configure:20785: checking for poll
configure:20842: gcc -o conftest -g -O2 -Wall   conftest.c  >&5
configure:20848: $? = 0
configure:20852: test -z 
			 || test ! -s conftest.err
configure:20855: $? = 0
configure:20858: test -s conftest
configure:20861: $? = 0
configure:20873: result: yes
configure:21117: checking for epoll_ctl
configure:21174: gcc -o conftest -g -O2 -Wall   conftest.c  >&5
Undefined symbols:
  "_epoll_ctl", referenced from:
      _main in ccdRvJoO.o
      _f in ccdRvJoO.o
ld: symbol(s) not found
collect2: ld returned 1 exit status
configure:21180: $? = 1
configure: failed program was:
| /* confdefs.h.  */
| 
| #define PACKAGE_NAME ""
| #define PACKAGE_TARNAME ""
| #define PACKAGE_VERSION ""
| #define PACKAGE_STRING ""
| #define PACKAGE_BUGREPORT ""
| #define PACKAGE "libevent"
| #define VERSION "1.1b"
| #define STDC_HEADERS 1
| #define HAVE_SYS_TYPES_H 1
| #define HAVE_SYS_STAT_H 1
| #define HAVE_STDLIB_H 1
| #define HAVE_STRING_H 1
| #define HAVE_MEMORY_H 1
| #define HAVE_STRINGS_H 1
| #define HAVE_INTTYPES_H 1
| #define HAVE_STDINT_H 1
| #define HAVE_UNISTD_H 1
| #define HAVE_DLFCN_H 1
| #ifdef __cplusplus
| extern "C" void exit (int);
| #endif
| #define STDC_HEADERS 1
| #define HAVE_FCNTL_H 1
| #define HAVE_STDARG_H 1
| #define HAVE_INTTYPES_H 1
| #define HAVE_STDINT_H 1
| #define HAVE_POLL_H 1
| #define HAVE_SIGNAL_H 1
| #define HAVE_UNISTD_H 1
| #define HAVE_SYS_TIME_H 1
| #define HAVE_SYS_QUEUE_H 1
| #define HAVE_SYS_EVENT_H 1
| #define HAVE_SYS_IOCTL_H 1
| #define HAVE_TAILQFOREACH 1
| #define HAVE_TIMERADD 1
| #define HAVE_TIMERCMP 1
| #define HAVE_TIMERCLEAR 1
| #define HAVE_TIMERISSET 1
| #define TIME_WITH_SYS_TIME 1
| #define HAVE_GETTIMEOFDAY 1
| #define HAVE_VASPRINTF 1
| #define HAVE_FCNTL 1
| #define HAVE_SETFD 1
| #define HAVE_SELECT 1
| #define HAVE_POLL 1
| /* end confdefs.h.  */
| /* Define epoll_ctl to an innocuous variant, in case <limits.h> declares epoll_ctl.
|    For example, HP-UX 11i <limits.h> declares gettimeofday.  */
| #define epoll_ctl innocuous_epoll_ctl
| 
| /* System header to define __stub macros and hopefully few prototypes,
|     which can conflict with char epoll_ctl (); below.
|     Prefer <limits.h> to <assert.h> if __STDC__ is defined, since
|     <limits.h> exists even on freestanding compilers.  */
| 
| #ifdef __STDC__
| # include <limits.h>
| #else
| # include <assert.h>
| #endif
| 
| #undef epoll_ctl
| 
| /* Override any gcc2 internal prototype to avoid an error.  */
| #ifdef __cplusplus
| extern "C"
| {
| #endif
| /* We use char because int might match the return type of a gcc2
|    builtin and then its argument prototype would still apply.  */
| char epoll_ctl ();
| /* The GNU C library defines this for functions which it implements
|     to always fail with ENOSYS.  Some functions are actually named
|     something starting with __ and the normal name is an alias.  */
| #if defined (__stub_epoll_ctl) || defined (__stub___epoll_ctl)
| choke me
| #else
| char (*f) () = epoll_ctl;
| #endif
| #ifdef __cplusplus
| }
| #endif
| 
| int
| main ()
| {
| return f != epoll_ctl;
|   ;
|   return 0;
| }
configure:21205: result: no
configure:21255: checking for kqueue
configure:21312: gcc -o conftest -g -O2 -Wall   conftest.c  >&5
configure:21318: $? = 0
configure:21322: test -z 
			 || test ! -s conftest.err
configure:21325: $? = 0
configure:21328: test -s conftest
configure:21331: $? = 0
configure:21343: result: yes
configure:21354: checking for working kqueue
configure:21413: gcc -o conftest -g -O2 -Wall   conftest.c  >&5
conftest.c: In function 'main':
conftest.c:68: warning: implicit declaration of function 'exit'
conftest.c:68: warning: incompatible implicit declaration of built-in function 'exit'
configure:21416: $? = 0
configure:21418: ./conftest
configure:21421: $? = 0
configure:21423: result: yes
configure:21549: checking for pid_t
configure:21573: gcc -c -g -O2 -Wall  conftest.c >&5
configure:21579: $? = 0
configure:21583: test -z 
			 || test ! -s conftest.err
configure:21586: $? = 0
configure:21589: test -s conftest.o
configure:21592: $? = 0
configure:21603: result: yes
configure:21615: checking for size_t
configure:21639: gcc -c -g -O2 -Wall  conftest.c >&5
configure:21645: $? = 0
configure:21649: test -z 
			 || test ! -s conftest.err
configure:21652: $? = 0
configure:21655: test -s conftest.o
configure:21658: $? = 0
configure:21669: result: yes
configure:21681: checking for u_int64_t
configure:21705: gcc -c -g -O2 -Wall  conftest.c >&5
configure:21711: $? = 0
configure:21715: test -z 
			 || test ! -s conftest.err
configure:21718: $? = 0
configure:21721: test -s conftest.o
configure:21724: $? = 0
configure:21735: result: yes
configure:21747: checking for u_int32_t
configure:21771: gcc -c -g -O2 -Wall  conftest.c >&5
configure:21777: $? = 0
configure:21781: test -z 
			 || test ! -s conftest.err
configure:21784: $? = 0
configure:21787: test -s conftest.o
configure:21790: $? = 0
configure:21801: result: yes
configure:21813: checking for u_int16_t
configure:21837: gcc -c -g -O2 -Wall  conftest.c >&5
configure:21843: $? = 0
configure:21847: test -z 
			 || test ! -s conftest.err
configure:21850: $? = 0
configure:21853: test -s conftest.o
configure:21856: $? = 0
configure:21867: result: yes
configure:21879: checking for u_int8_t
configure:21903: gcc -c -g -O2 -Wall  conftest.c >&5
configure:21909: $? = 0
configure:21913: test -z 
			 || test ! -s conftest.err
configure:21916: $? = 0
configure:21919: test -s conftest.o
configure:21922: $? = 0
configure:21933: result: yes
configure:21946: checking for socklen_t
configure:21966: gcc -c -g -O2 -Wall  conftest.c >&5
conftest.c: In function 'main':
conftest.c:57: warning: unused variable 'x'
configure:21972: $? = 0
configure:21976: test -z 
			 || test ! -s conftest.err
configure:21979: $? = 0
configure:21982: test -s conftest.o
configure:21985: $? = 0
configure:21987: result: yes
configure:22004: checking whether our compiler supports __func__
configure:22022: gcc -c -g -O2 -Wall  conftest.c >&5
conftest.c: In function 'main':
conftest.c:55: error: nested functions are disabled, use -fnested-functions to re-enable
conftest.c: In function 'foo':
conftest.c:55: warning: unused variable 'cp'
configure:22028: $? = 1
configure: failed program was:
| /* confdefs.h.  */
| 
| #define PACKAGE_NAME ""
| #define PACKAGE_TARNAME ""
| #define PACKAGE_VERSION ""
| #define PACKAGE_STRING ""
| #define PACKAGE_BUGREPORT ""
| #define PACKAGE "libevent"
| #define VERSION "1.1b"
| #define STDC_HEADERS 1
| #define HAVE_SYS_TYPES_H 1
| #define HAVE_SYS_STAT_H 1
| #define HAVE_STDLIB_H 1
| #define HAVE_STRING_H 1
| #define HAVE_MEMORY_H 1
| #define HAVE_STRINGS_H 1
| #define HAVE_INTTYPES_H 1
| #define HAVE_STDINT_H 1
| #define HAVE_UNISTD_H 1
| #define HAVE_DLFCN_H 1
| #ifdef __cplusplus
| extern "C" void exit (int);
| #endif
| #define STDC_HEADERS 1
| #define HAVE_FCNTL_H 1
| #define HAVE_STDARG_H 1
| #define HAVE_INTTYPES_H 1
| #define HAVE_STDINT_H 1
| #define HAVE_POLL_H 1
| #define HAVE_SIGNAL_H 1
| #define HAVE_UNISTD_H 1
| #define HAVE_SYS_TIME_H 1
| #define HAVE_SYS_QUEUE_H 1
| #define HAVE_SYS_EVENT_H 1
| #define HAVE_SYS_IOCTL_H 1
| #define HAVE_TAILQFOREACH 1
| #define HAVE_TIMERADD 1
| #define HAVE_TIMERCMP 1
| #define HAVE_TIMERCLEAR 1
| #define HAVE_TIMERISSET 1
| #define TIME_WITH_SYS_TIME 1
| #define HAVE_GETTIMEOFDAY 1
| #define HAVE_VASPRINTF 1
| #define HAVE_FCNTL 1
| #define HAVE_SETFD 1
| #define HAVE_SELECT 1
| #define HAVE_POLL 1
| #define HAVE_KQUEUE 1
| #define HAVE_WORKING_KQUEUE 1
| /* end confdefs.h.  */
| 
| int
| main ()
| {
| void foo() { const char *cp = __func__; }
|   ;
|   return 0;
| }
configure:22049: result: no
configure:22051: checking whether our compiler supports __FUNCTION__
configure:22069: gcc -c -g -O2 -Wall  conftest.c >&5
conftest.c: In function 'main':
conftest.c:55: error: nested functions are disabled, use -fnested-functions to re-enable
conftest.c: In function 'foo':
conftest.c:55: warning: unused variable 'cp'
configure:22075: $? = 1
configure: failed program was:
| /* confdefs.h.  */
| 
| #define PACKAGE_NAME ""
| #define PACKAGE_TARNAME ""
| #define PACKAGE_VERSION ""
| #define PACKAGE_STRING ""
| #define PACKAGE_BUGREPORT ""
| #define PACKAGE "libevent"
| #define VERSION "1.1b"
| #define STDC_HEADERS 1
| #define HAVE_SYS_TYPES_H 1
| #define HAVE_SYS_STAT_H 1
| #define HAVE_STDLIB_H 1
| #define HAVE_STRING_H 1
| #define HAVE_MEMORY_H 1
| #define HAVE_STRINGS_H 1
| #define HAVE_INTTYPES_H 1
| #define HAVE_STDINT_H 1
| #define HAVE_UNISTD_H 1
| #define HAVE_DLFCN_H 1
| #ifdef __cplusplus
| extern "C" void exit (int);
| #endif
| #define STDC_HEADERS 1
| #define HAVE_FCNTL_H 1
| #define HAVE_STDARG_H 1
| #define HAVE_INTTYPES_H 1
| #define HAVE_STDINT_H 1
| #define HAVE_POLL_H 1
| #define HAVE_SIGNAL_H 1
| #define HAVE_UNISTD_H 1
| #define HAVE_SYS_TIME_H 1
| #define HAVE_SYS_QUEUE_H 1
| #define HAVE_SYS_EVENT_H 1
| #define HAVE_SYS_IOCTL_H 1
| #define HAVE_TAILQFOREACH 1
| #define HAVE_TIMERADD 1
| #define HAVE_TIMERCMP 1
| #define HAVE_TIMERCLEAR 1
| #define HAVE_TIMERISSET 1
| #define TIME_WITH_SYS_TIME 1
| #define HAVE_GETTIMEOFDAY 1
| #define HAVE_VASPRINTF 1
| #define HAVE_FCNTL 1
| #define HAVE_SETFD 1
| #define HAVE_SELECT 1
| #define HAVE_POLL 1
| #define HAVE_KQUEUE 1
| #define HAVE_WORKING_KQUEUE 1
| /* end confdefs.h.  */
| 
| int
| main ()
| {
| void foo() { const char *cp = __FUNCTION__; }
|   ;
|   return 0;
| }
configure:22101: result: no
configure:22237: creating ./config.status

## ---------------------- ##
## Running config.status. ##
## ---------------------- ##

This file was extended by config.status, which was
generated by GNU Autoconf 2.59.  Invocation command line was

  CONFIG_FILES    = 
  CONFIG_HEADERS  = 
  CONFIG_LINKS    = 
  CONFIG_COMMANDS = 
  $ ./config.status 

on mobileunit1-2.local

config.status:718: creating Makefile
config.status:718: creating test/Makefile
config.status:718: creating sample/Makefile
config.status:822: creating config.h
config.status:1182: executing depfiles commands

## ---------------- ##
## Cache variables. ##
## ---------------- ##

ac_cv_build=i686-apple-darwin10.3.0
ac_cv_build_alias=i686-apple-darwin10.3.0
ac_cv_c_compiler_gnu=yes
ac_cv_c_const=yes
ac_cv_c_inline=inline
ac_cv_cxx_compiler_gnu=yes
ac_cv_env_CC_set=
ac_cv_env_CC_value=
ac_cv_env_CFLAGS_set=
ac_cv_env_CFLAGS_value=
ac_cv_env_CPPFLAGS_set=
ac_cv_env_CPPFLAGS_value=
ac_cv_env_CPP_set=
ac_cv_env_CPP_value=
ac_cv_env_CXXCPP_set=
ac_cv_env_CXXCPP_value=
ac_cv_env_CXXFLAGS_set=
ac_cv_env_CXXFLAGS_value=
ac_cv_env_CXX_set=
ac_cv_env_CXX_value=
ac_cv_env_F77_set=
ac_cv_env_F77_value=
ac_cv_env_FFLAGS_set=
ac_cv_env_FFLAGS_value=
ac_cv_env_LDFLAGS_set=
ac_cv_env_LDFLAGS_value=
ac_cv_env_build_alias_set=
ac_cv_env_build_alias_value=
ac_cv_env_host_alias_set=
ac_cv_env_host_alias_value=
ac_cv_env_target_alias_set=
ac_cv_env_target_alias_value=
ac_cv_exeext=
ac_cv_f77_compiler_gnu=no
ac_cv_func_epoll_ctl=no
ac_cv_func_fcntl=yes
ac_cv_func_gettimeofday=yes
ac_cv_func_kqueue=yes
ac_cv_func_poll=yes
ac_cv_func_select=yes
ac_cv_func_vasprintf=yes
ac_cv_header_dlfcn_h=yes
ac_cv_header_fcntl_h=yes
ac_cv_header_inttypes_h=yes
ac_cv_header_memory_h=yes
ac_cv_header_poll_h=yes
ac_cv_header_signal_h=yes
ac_cv_header_stdarg_h=yes
ac_cv_header_stdc=yes
ac_cv_header_stdint_h=yes
ac_cv_header_stdlib_h=yes
ac_cv_header_string_h=yes
ac_cv_header_strings_h=yes
ac_cv_header_sys_devpoll_h=no
ac_cv_header_sys_epoll_h=no
ac_cv_header_sys_event_h=yes
ac_cv_header_sys_ioctl_h=yes
ac_cv_header_sys_queue_h=yes
ac_cv_header_sys_stat_h=yes
ac_cv_header_sys_time_h=yes
ac_cv_header_sys_types_h=yes
ac_cv_header_time=yes
ac_cv_header_unistd_h=yes
ac_cv_host=i686-apple-darwin10.3.0
ac_cv_host_alias=i686-apple-darwin10.3.0
ac_cv_lib_socket_socket=no
ac_cv_objext=o
ac_cv_path_install='/usr/bin/install -c'
ac_cv_prog_AWK=awk
ac_cv_prog_CPP='gcc -E'
ac_cv_prog_CXXCPP='g++ -E'
ac_cv_prog_ac_ct_AR=ar
ac_cv_prog_ac_ct_CC=gcc
ac_cv_prog_ac_ct_CXX=g++
ac_cv_prog_ac_ct_RANLIB=ranlib
ac_cv_prog_ac_ct_STRIP=strip
ac_cv_prog_cc_g=yes
ac_cv_prog_cc_stdc=
ac_cv_prog_cxx_g=yes
ac_cv_prog_egrep='grep -E'
ac_cv_prog_f77_g=no
ac_cv_prog_gcc_traditional=no
ac_cv_prog_make_make_set=yes
ac_cv_type_pid_t=yes
ac_cv_type_size_t=yes
ac_cv_type_u_int16_t=yes
ac_cv_type_u_int32_t=yes
ac_cv_type_u_int64_t=yes
ac_cv_type_u_int8_t=yes
am_cv_CC_dependencies_compiler_type=none
am_cv_CXX_dependencies_compiler_type=none
lt_cv_deplibs_check_method=pass_all
lt_cv_file_magic_cmd='$MAGIC_CMD'
lt_cv_file_magic_test_file=
lt_cv_ld_reload_flag=-r
lt_cv_objdir=.libs
lt_cv_path_LD=/usr/libexec/gcc/i686-apple-darwin10/4.2.1/ld
lt_cv_path_LDCXX=/usr/libexec/gcc/i686-apple-darwin10/4.2.1/ld
lt_cv_path_NM=/usr/bin/nm
lt_cv_path_SED=/usr/bin/sed
lt_cv_prog_compiler_c_o=yes
lt_cv_prog_compiler_c_o_CXX=yes
lt_cv_prog_compiler_rtti_exceptions=no
lt_cv_prog_gnu_ld=no
lt_cv_prog_gnu_ldcxx=no
lt_cv_sys_global_symbol_pipe='sed -n -e '\''s/^.*[ 	]\([BCDEGRST][BCDEGRST]*\)[ 	][ 	]*_\([_A-Za-z][_A-Za-z0-9]*\)$/\1 _\2 \2/p'\'''
lt_cv_sys_global_symbol_to_c_name_address='sed -n -e '\''s/^: \([^ ]*\) $/  {\"\1\", (lt_ptr) 0},/p'\'' -e '\''s/^[BCDEGRST] \([^ ]*\) \([^ ]*\)$/  {"\2", (lt_ptr) \&\2},/p'\'''
lt_cv_sys_global_symbol_to_cdecl='sed -n -e '\''s/^. .* \(.*\)$/extern int \1;/p'\'''
lt_cv_sys_max_cmd_len=196608
lt_lt_cv_prog_compiler_c_o='"yes"'
lt_lt_cv_prog_compiler_c_o_CXX='"yes"'
lt_lt_cv_sys_global_symbol_pipe='"sed -n -e '\''s/^.*[ 	]\\([BCDEGRST][BCDEGRST]*\\)[ 	][ 	]*_\\([_A-Za-z][_A-Za-z0-9]*\\)\$/\\1 _\\2 \\2/p'\''"'
lt_lt_cv_sys_global_symbol_to_c_name_address='"sed -n -e '\''s/^: \\([^ ]*\\) \$/  {\\\"\\1\\\", (lt_ptr) 0},/p'\'' -e '\''s/^[BCDEGRST] \\([^ ]*\\) \\([^ ]*\\)\$/  {\"\\2\", (lt_ptr) \\&\\2},/p'\''"'
lt_lt_cv_sys_global_symbol_to_cdecl='"sed -n -e '\''s/^. .* \\(.*\\)\$/extern int \\1;/p'\''"'

## ----------------- ##
## Output variables. ##
## ----------------- ##

ACLOCAL='${SHELL} /Users/Shared/localhost/codeigniter/src/libevent-1.1b/missing --run aclocal-1.8'
AMDEPBACKSLASH='\'
AMDEP_FALSE='#'
AMDEP_TRUE=''
AMTAR='${SHELL} /Users/Shared/localhost/codeigniter/src/libevent-1.1b/missing --run tar'
AR='ar'
AUTOCONF='${SHELL} /Users/Shared/localhost/codeigniter/src/libevent-1.1b/missing --run autoconf'
AUTOHEADER='${SHELL} /Users/Shared/localhost/codeigniter/src/libevent-1.1b/missing --run autoheader'
AUTOMAKE='${SHELL} /Users/Shared/localhost/codeigniter/src/libevent-1.1b/missing --run automake-1.8'
AWK='awk'
CC='gcc'
CCDEPMODE='depmode=none'
CFLAGS='-g -O2 -Wall'
CPP='gcc -E'
CPPFLAGS=''
CXX='g++'
CXXCPP='g++ -E'
CXXDEPMODE='depmode=none'
CXXFLAGS='-g -O2'
CYGPATH_W='echo'
DEFS='-DHAVE_CONFIG_H'
DEPDIR='.deps'
ECHO='/bin/echo'
ECHO_C='ECHO_N=''
ECHO_T=''
EGREP='grep -E'
EXEEXT=''
F77=''
FFLAGS=''
INSTALL_DATA='${INSTALL} -m 644'
INSTALL_PROGRAM='${INSTALL}'
INSTALL_SCRIPT='${INSTALL}'
INSTALL_STRIP_PROGRAM='${SHELL} $(install_sh) -c -s'
LDFLAGS=''
LIBOBJS=' select$U.o poll$U.o kqueue$U.o signal$U.o'
LIBS=''
LIBTOOL='$(SHELL) $(top_builddir)/libtool'
LIBTOOL_DEPS='./ltmain.sh'
LN_S='ln -s'
LTLIBOBJS=' select$U.lo poll$U.lo kqueue$U.lo signal$U.lo'
MAINT='#'
MAINTAINER_MODE_FALSE=''
MAINTAINER_MODE_TRUE='#'
MAKEINFO='${SHELL} /Users/Shared/localhost/codeigniter/src/libevent-1.1b/missing --run makeinfo'
OBJEXT='o'
PACKAGE='libevent'
PACKAGE_BUGREPORT=''
PACKAGE_NAME=''
PACKAGE_STRING=''
PACKAGE_TARNAME=''
PACKAGE_VERSION=''
PATH_SEPARATOR=':'
RANLIB='ranlib'
SET_MAKE=''
SHELL='/bin/sh'
STRIP='strip'
VERSION='1.1b'
ac_ct_AR='ar'
ac_ct_CC='gcc'
ac_ct_CXX='g++'
ac_ct_F77=''
ac_ct_RANLIB='ranlib'
ac_ct_STRIP='strip'
am__fastdepCC_FALSE=''
am__fastdepCC_TRUE='#'
am__fastdepCXX_FALSE=''
am__fastdepCXX_TRUE='#'
am__include='include'
am__leading_dot='.'
am__quote=''
bindir='${exec_prefix}/bin'
build='i686-apple-darwin10.3.0'
build_alias=''
build_cpu='i686'
build_os='darwin10.3.0'
build_vendor='apple'
datadir='${prefix}/share'
exec_prefix='${prefix}'
host='i686-apple-darwin10.3.0'
host_alias=''
host_cpu='i686'
host_os='darwin10.3.0'
host_vendor='apple'
includedir='${prefix}/include'
infodir='${prefix}/info'
install_sh='/Users/Shared/localhost/codeigniter/src/libevent-1.1b/install-sh'
libdir='${exec_prefix}/lib'
libexecdir='${exec_prefix}/libexec'
localstatedir='${prefix}/var'
mandir='${prefix}/man'
mkdir_p='$(mkinstalldirs)'
oldincludedir='/usr/include'
prefix='/usr/local'
program_transform_name='s,x,x,'
sbindir='${exec_prefix}/sbin'
sharedstatedir='${prefix}/com'
sysconfdir='${prefix}/etc'
target_alias=''

## ----------- ##
## confdefs.h. ##
## ----------- ##

#define HAVE_DLFCN_H 1
#define HAVE_FCNTL 1
#define HAVE_FCNTL_H 1
#define HAVE_GETTIMEOFDAY 1
#define HAVE_INTTYPES_H 1
#define HAVE_INTTYPES_H 1
#define HAVE_KQUEUE 1
#define HAVE_MEMORY_H 1
#define HAVE_POLL 1
#define HAVE_POLL_H 1
#define HAVE_SELECT 1
#define HAVE_SETFD 1
#define HAVE_SIGNAL_H 1
#define HAVE_STDARG_H 1
#define HAVE_STDINT_H 1
#define HAVE_STDINT_H 1
#define HAVE_STDLIB_H 1
#define HAVE_STRINGS_H 1
#define HAVE_STRING_H 1
#define HAVE_SYS_EVENT_H 1
#define HAVE_SYS_IOCTL_H 1
#define HAVE_SYS_QUEUE_H 1
#define HAVE_SYS_STAT_H 1
#define HAVE_SYS_TIME_H 1
#define HAVE_SYS_TYPES_H 1
#define HAVE_TAILQFOREACH 1
#define HAVE_TIMERADD 1
#define HAVE_TIMERCLEAR 1
#define HAVE_TIMERCMP 1
#define HAVE_TIMERISSET 1
#define HAVE_UNISTD_H 1
#define HAVE_UNISTD_H 1
#define HAVE_VASPRINTF 1
#define HAVE_WORKING_KQUEUE 1
#define PACKAGE "libevent"
#define PACKAGE_BUGREPORT ""
#define PACKAGE_NAME ""
#define PACKAGE_STRING ""
#define PACKAGE_TARNAME ""
#define PACKAGE_VERSION ""
#define STDC_HEADERS 1
#define STDC_HEADERS 1
#define TIME_WITH_SYS_TIME 1
#define VERSION "1.1b"
#define __func__ __FILE__
#endif
#ifdef __cplusplus
extern "C" void exit (int);

configure: exit 0
